Android_App/app/build/intermediates/manifest_merge_blame_file/debug/manifest-merger-blame-debug-report.txt
1<?xml version="1.0" encoding="utf-8"?>
2<manifest xmlns:android="http://schemas.android.com/apk/res/android"
3    package="com.devspace.scholastic"
4    android:versionCode="1"
5    android:versionName="1.0" >
6
7    <uses-sdk
8        android:minSdkVersion="24"
8-->src\main\AndroidManifest.xml
9        android:targetSdkVersion="30" />
9-->src\main\AndroidManifest.xml
10
11    <uses-permission android:name="android.permission.CALL_PHONE" />
11-->src\main\AndroidManifest.xml:26:5-68
11-->src\main\AndroidManifest.xml:26:22-66
12    <uses-permission android:name="android.permission.INTERNET" />
12-->src\main\AndroidManifest.xml:27:5-66
12-->src\main\AndroidManifest.xml:27:22-64
13    <uses-permission android:name="android.permission.ACCESS_NETWORK_STATE" />
13-->[com.google.firebase:firebase-auth:20.0.3] AndroidManifest.xml:24:5-79
13-->[com.google.firebase:firebase-auth:20.0.3] AndroidManifest.xml:24:22-76
14    <uses-permission android:name="android.permission.WAKE_LOCK" />
14-->[com.google.android.gms:play-services-measurement-api:18.0.2] AndroidManifest.xml:24:5-68
14-->[com.google.android.gms:play-services-measurement-api:18.0.2] AndroidManifest.xml:24:22-65
15    <uses-permission android:name="com.google.android.finsky.permission.BIND_GET_INSTALL_REFERRER_SERVICE" />
15-->[com.google.android.gms:play-services-measurement:18.0.2] AndroidManifest.xml:26:5-110
15-->[com.google.android.gms:play-services-measurement:18.0.2] AndroidManifest.xml:26:22-107
16
17    <application
17-->src\main\AndroidManifest.xml:5:5-24:19
18        android:allowBackup="true"
18-->src\main\AndroidManifest.xml:6:9-35
19        android:appComponentFactory="androidx.core.app.CoreComponentFactory"
19-->[androidx.core:core:1.3.1] AndroidManifest.xml:24:18-86
20        android:debuggable="true"
21        android:extractNativeLibs="false"
22        android:icon="@mipmap/ic_launcher"
22-->src\main\AndroidManifest.xml:7:9-43
23        android:label="@string/app_name"
23-->src\main\AndroidManifest.xml:8:9-41
24        android:roundIcon="@mipmap/ic_launcher_round"
24-->src\main\AndroidManifest.xml:9:9-54
25        android:supportsRtl="true"
25-->src\main\AndroidManifest.xml:10:9-35
26        android:testOnly="true"
27        android:theme="@style/Theme.Scholastic" >
27-->src\main\AndroidManifest.xml:11:9-48
28        <activity android:name="com.devspace.scholastic.SplashScreenActivity" >
28-->src\main\AndroidManifest.xml:13:9-18:20
28-->src\main\AndroidManifest.xml:13:19-55
29            <intent-filter>
29-->src\main\AndroidManifest.xml:14:13-17:29
30                <action android:name="android.intent.action.MAIN" />
30-->src\main\AndroidManifest.xml:15:17-68
30-->src\main\AndroidManifest.xml:15:25-66
31
32                <category android:name="android.intent.category.LAUNCHER" />
32-->src\main\AndroidManifest.xml:16:17-76
32-->src\main\AndroidManifest.xml:16:27-74
33            </intent-filter>
34        </activity>
35        <activity android:name="com.devspace.scholastic.LoginActivity" />
35-->src\main\AndroidManifest.xml:20:9-50
35-->src\main\AndroidManifest.xml:20:19-48
36        <activity
36-->src\main\AndroidManifest.xml:21:9-22:58
37            android:name="com.devspace.scholastic.WelcomeScreenActivity"
37-->src\main\AndroidManifest.xml:21:19-56
38            android:theme="@style/AppTheme.NoActionBar" />
38-->src\main\AndroidManifest.xml:22:13-56
39        <activity
39-->[com.google.firebase:firebase-auth:20.0.3] AndroidManifest.xml:27:9-44:20
40            android:name="com.google.firebase.auth.internal.GenericIdpActivity"
40-->[com.google.firebase:firebase-auth:20.0.3] AndroidManifest.xml:28:13-80
41            android:excludeFromRecents="true"
41-->[com.google.firebase:firebase-auth:20.0.3] AndroidManifest.xml:29:13-46
42            android:exported="true"
42-->[com.google.firebase:firebase-auth:20.0.3] AndroidManifest.xml:30:13-36
43            android:launchMode="singleTask"
43-->[com.google.firebase:firebase-auth:20.0.3] AndroidManifest.xml:31:13-44
44            android:theme="@android:style/Theme.Translucent.NoTitleBar" >
44-->[com.google.firebase:firebase-auth:20.0.3] AndroidManifest.xml:32:13-72
45            <intent-filter>
45-->[com.google.firebase:firebase-auth:20.0.3] AndroidManifest.xml:33:13-43:29
46                <action android:name="android.intent.action.VIEW" />
46-->[com.google.firebase:firebase-auth:20.0.3] AndroidManifest.xml:34:17-69
46-->[com.google.firebase:firebase-auth:20.0.3] AndroidManifest.xml:34:25-66
47
48                <category android:name="android.intent.category.DEFAULT" />
48-->[com.google.firebase:firebase-auth:20.0.3] AndroidManifest.xml:36:17-76
48-->[com.google.firebase:firebase-auth:20.0.3] AndroidManifest.xml:36:27-73
49                <category android:name="android.intent.category.BROWSABLE" />
49-->[com.google.firebase:firebase-auth:20.0.3] AndroidManifest.xml:37:17-78
49-->[com.google.firebase:firebase-auth:20.0.3] AndroidManifest.xml:37:27-75
50
51                <data
51-->[com.google.firebase:firebase-auth:20.0.3] AndroidManifest.xml:39:17-42:51
52                    android:host="firebase.auth"
52-->[com.google.firebase:firebase-auth:20.0.3] AndroidManifest.xml:40:21-49
53                    android:path="/"
53-->[com.google.firebase:firebase-auth:20.0.3] AndroidManifest.xml:41:21-37
54                    android:scheme="genericidp" />
54-->[com.google.firebase:firebase-auth:20.0.3] AndroidManifest.xml:42:21-48
55            </intent-filter>
56        </activity>
57        <activity
57-->[com.google.firebase:firebase-auth:20.0.3] AndroidManifest.xml:45:9-62:20
58            android:name="com.google.firebase.auth.internal.RecaptchaActivity"
58-->[com.google.firebase:firebase-auth:20.0.3] AndroidManifest.xml:46:13-79
59            android:excludeFromRecents="true"
59-->[com.google.firebase:firebase-auth:20.0.3] AndroidManifest.xml:47:13-46
60            android:exported="true"
60-->[com.google.firebase:firebase-auth:20.0.3] AndroidManifest.xml:48:13-36
61            android:launchMode="singleTask"
61-->[com.google.firebase:firebase-auth:20.0.3] AndroidManifest.xml:49:13-44
62            android:theme="@android:style/Theme.Translucent.NoTitleBar" >
62-->[com.google.firebase:firebase-auth:20.0.3] AndroidManifest.xml:50:13-72
63            <intent-filter>
63-->[com.google.firebase:firebase-auth:20.0.3] AndroidManifest.xml:51:13-61:29
64                <action android:name="android.intent.action.VIEW" />
64-->[com.google.firebase:firebase-auth:20.0.3] AndroidManifest.xml:34:17-69
64-->[com.google.firebase:firebase-auth:20.0.3] AndroidManifest.xml:34:25-66
65
66                <category android:name="android.intent.category.DEFAULT" />
66-->[com.google.firebase:firebase-auth:20.0.3] AndroidManifest.xml:36:17-76
66-->[com.google.firebase:firebase-auth:20.0.3] AndroidManifest.xml:36:27-73
67                <category android:name="android.intent.category.BROWSABLE" />
67-->[com.google.firebase:firebase-auth:20.0.3] AndroidManifest.xml:37:17-78
67-->[com.google.firebase:firebase-auth:20.0.3] AndroidManifest.xml:37:27-75
68
69                <data
69-->[com.google.firebase:firebase-auth:20.0.3] AndroidManifest.xml:39:17-42:51
70                    android:host="firebase.auth"
70-->[com.google.firebase:firebase-auth:20.0.3] AndroidManifest.xml:40:21-49
71                    android:path="/"
71-->[com.google.firebase:firebase-auth:20.0.3] AndroidManifest.xml:41:21-37
72                    android:scheme="recaptcha" />
72-->[com.google.firebase:firebase-auth:20.0.3] AndroidManifest.xml:42:21-48
73            </intent-filter>
74        </activity>
75
76        <service
76-->[com.google.firebase:firebase-auth:20.0.3] AndroidManifest.xml:64:9-73:19
77            android:name="com.google.firebase.auth.api.fallback.service.FirebaseAuthFallbackService"
77-->[com.google.firebase:firebase-auth:20.0.3] AndroidManifest.xml:65:13-101
78            android:enabled="true"
78-->[com.google.firebase:firebase-auth:20.0.3] AndroidManifest.xml:66:13-35
79            android:exported="false" >
79-->[com.google.firebase:firebase-auth:20.0.3] AndroidManifest.xml:67:13-37
80            <intent-filter>
80-->[com.google.firebase:firebase-auth:20.0.3] AndroidManifest.xml:68:13-72:29
81                <action android:name="com.google.firebase.auth.api.gms.service.START" />
81-->[com.google.firebase:firebase-auth:20.0.3] AndroidManifest.xml:69:17-89
81-->[com.google.firebase:firebase-auth:20.0.3] AndroidManifest.xml:69:25-86
82
83                <category android:name="android.intent.category.DEFAULT" />
83-->[com.google.firebase:firebase-auth:20.0.3] AndroidManifest.xml:36:17-76
83-->[com.google.firebase:firebase-auth:20.0.3] AndroidManifest.xml:36:27-73
84            </intent-filter>
85        </service>
86        <service
86-->[com.google.firebase:firebase-auth:20.0.3] AndroidManifest.xml:74:9-80:19
87            android:name="com.google.firebase.components.ComponentDiscoveryService"
87-->[com.google.firebase:firebase-auth:20.0.3] AndroidManifest.xml:75:13-84
88            android:directBootAware="true"
88-->[com.google.firebase:firebase-common:19.5.0] AndroidManifest.xml:35:13-43
89            android:exported="false" >
89-->[com.google.firebase:firebase-auth:20.0.3] AndroidManifest.xml:76:13-37
90            <meta-data
90-->[com.google.firebase:firebase-auth:20.0.3] AndroidManifest.xml:77:13-79:85
91                android:name="com.google.firebase.components:com.google.firebase.auth.FirebaseAuthRegistrar"
91-->[com.google.firebase:firebase-auth:20.0.3] AndroidManifest.xml:78:17-109
92                android:value="com.google.firebase.components.ComponentRegistrar" />
92-->[com.google.firebase:firebase-auth:20.0.3] AndroidManifest.xml:79:17-82
93            <meta-data
93-->[com.google.firebase:firebase-crashlytics:17.4.0] AndroidManifest.xml:18:13-20:85
94                android:name="com.google.firebase.components:com.google.firebase.crashlytics.CrashlyticsRegistrar"
94-->[com.google.firebase:firebase-crashlytics:17.4.0] AndroidManifest.xml:19:17-115
95                android:value="com.google.firebase.components.ComponentRegistrar" />
95-->[com.google.firebase:firebase-crashlytics:17.4.0] AndroidManifest.xml:20:17-82
96            <meta-data
96-->[com.google.firebase:firebase-storage:19.2.1] AndroidManifest.xml:33:13-35:85
97                android:name="com.google.firebase.components:com.google.firebase.storage.StorageRegistrar"
97-->[com.google.firebase:firebase-storage:19.2.1] AndroidManifest.xml:34:17-107
98                android:value="com.google.firebase.components.ComponentRegistrar" />
98-->[com.google.firebase:firebase-storage:19.2.1] AndroidManifest.xml:35:17-82
99            <meta-data
99-->[com.google.firebase:firebase-firestore:22.1.1] AndroidManifest.xml:20:13-22:85
100                android:name="com.google.firebase.components:com.google.firebase.firestore.FirestoreRegistrar"
100-->[com.google.firebase:firebase-firestore:22.1.1] AndroidManifest.xml:21:17-111
101                android:value="com.google.firebase.components.ComponentRegistrar" />
101-->[com.google.firebase:firebase-firestore:22.1.1] AndroidManifest.xml:22:17-82
102            <meta-data
102-->[com.google.android.gms:play-services-measurement-api:18.0.2] AndroidManifest.xml:30:13-32:85
103                android:name="com.google.firebase.components:com.google.firebase.analytics.connector.internal.AnalyticsConnectorRegistrar"
103-->[com.google.android.gms:play-services-measurement-api:18.0.2] AndroidManifest.xml:31:17-139
104                android:value="com.google.firebase.components.ComponentRegistrar" />
104-->[com.google.android.gms:play-services-measurement-api:18.0.2] AndroidManifest.xml:32:17-82
105            <meta-data
105-->[com.google.firebase:firebase-installations:16.3.5] AndroidManifest.xml:18:13-20:85
106                android:name="com.google.firebase.components:com.google.firebase.installations.FirebaseInstallationsRegistrar"
106-->[com.google.firebase:firebase-installations:16.3.5] AndroidManifest.xml:19:17-127
107                android:value="com.google.firebase.components.ComponentRegistrar" />
107-->[com.google.firebase:firebase-installations:16.3.5] AndroidManifest.xml:20:17-82
108            <!--
109                This registrar is not defined in the dynamic-module-support sdk itself to allow non-firebase
110                clients to use it as well, by defining this registrar in their own core/common library.
111            -->
112            <meta-data
112-->[com.google.firebase:firebase-common:19.5.0] AndroidManifest.xml:43:13-45:85
113                android:name="com.google.firebase.components:com.google.firebase.dynamicloading.DynamicLoadingRegistrar"
113-->[com.google.firebase:firebase-common:19.5.0] AndroidManifest.xml:44:17-121
114                android:value="com.google.firebase.components.ComponentRegistrar" />
114-->[com.google.firebase:firebase-common:19.5.0] AndroidManifest.xml:45:17-82
115        </service>
116
117        <activity
117-->[com.google.android.gms:play-services-auth:19.0.0] AndroidManifest.xml:23:9-27:75
118            android:name="com.google.android.gms.auth.api.signin.internal.SignInHubActivity"
118-->[com.google.android.gms:play-services-auth:19.0.0] AndroidManifest.xml:24:13-93
119            android:excludeFromRecents="true"
119-->[com.google.android.gms:play-services-auth:19.0.0] AndroidManifest.xml:25:13-46
120            android:exported="false"
120-->[com.google.android.gms:play-services-auth:19.0.0] AndroidManifest.xml:26:13-37
121            android:theme="@android:style/Theme.Translucent.NoTitleBar" />
121-->[com.google.android.gms:play-services-auth:19.0.0] AndroidManifest.xml:27:13-72
122        <!--
123            Service handling Google Sign-In user revocation. For apps that do not integrate with
124            Google Sign-In, this service will never be started.
125        -->
126        <service
126-->[com.google.android.gms:play-services-auth:19.0.0] AndroidManifest.xml:33:9-37:51
127            android:name="com.google.android.gms.auth.api.signin.RevocationBoundService"
127-->[com.google.android.gms:play-services-auth:19.0.0] AndroidManifest.xml:34:13-89
128            android:exported="true"
128-->[com.google.android.gms:play-services-auth:19.0.0] AndroidManifest.xml:35:13-36
129            android:permission="com.google.android.gms.auth.api.signin.permission.REVOCATION_NOTIFICATION"
129-->[com.google.android.gms:play-services-auth:19.0.0] AndroidManifest.xml:36:13-107
130            android:visibleToInstantApps="true" />
130-->[com.google.android.gms:play-services-auth:19.0.0] AndroidManifest.xml:37:13-48
131
132        <activity
132-->[com.google.android.gms:play-services-base:17.1.0] AndroidManifest.xml:23:9-26:75
133            android:name="com.google.android.gms.common.api.GoogleApiActivity"
133-->[com.google.android.gms:play-services-base:17.1.0] AndroidManifest.xml:24:13-79
134            android:exported="false"
134-->[com.google.android.gms:play-services-base:17.1.0] AndroidManifest.xml:25:13-37
135            android:theme="@android:style/Theme.Translucent.NoTitleBar" />
135-->[com.google.android.gms:play-services-base:17.1.0] AndroidManifest.xml:26:13-72
136
137        <provider
137-->[com.google.firebase:firebase-common:19.5.0] AndroidManifest.xml:26:9-31:39
138            android:name="com.google.firebase.provider.FirebaseInitProvider"
138-->[com.google.firebase:firebase-common:19.5.0] AndroidManifest.xml:27:13-77
139            android:authorities="com.devspace.scholastic.firebaseinitprovider"
139-->[com.google.firebase:firebase-common:19.5.0] AndroidManifest.xml:28:13-72
140            android:directBootAware="true"
140-->[com.google.firebase:firebase-common:19.5.0] AndroidManifest.xml:29:13-43
141            android:exported="false"
141-->[com.google.firebase:firebase-common:19.5.0] AndroidManifest.xml:30:13-37
142            android:initOrder="100" />
142-->[com.google.firebase:firebase-common:19.5.0] AndroidManifest.xml:31:13-36
143
144        <receiver
144-->[com.google.android.gms:play-services-measurement:18.0.2] AndroidManifest.xml:29:9-33:20
145            android:name="com.google.android.gms.measurement.AppMeasurementReceiver"
145-->[com.google.android.gms:play-services-measurement:18.0.2] AndroidManifest.xml:30:13-85
146            android:enabled="true"
146-->[com.google.android.gms:play-services-measurement:18.0.2] AndroidManifest.xml:31:13-35
147            android:exported="false" >
147-->[com.google.android.gms:play-services-measurement:18.0.2] AndroidManifest.xml:32:13-37
148        </receiver>
149
150        <service
150-->[com.google.android.gms:play-services-measurement:18.0.2] AndroidManifest.xml:35:9-38:40
151            android:name="com.google.android.gms.measurement.AppMeasurementService"
151-->[com.google.android.gms:play-services-measurement:18.0.2] AndroidManifest.xml:36:13-84
152            android:enabled="true"
152-->[com.google.android.gms:play-services-measurement:18.0.2] AndroidManifest.xml:37:13-35
153            android:exported="false" />
153-->[com.google.android.gms:play-services-measurement:18.0.2] AndroidManifest.xml:38:13-37
154        <service
154-->[com.google.android.gms:play-services-measurement:18.0.2] AndroidManifest.xml:39:9-43:72
155            android:name="com.google.android.gms.measurement.AppMeasurementJobService"
155-->[com.google.android.gms:play-services-measurement:18.0.2] AndroidManifest.xml:40:13-87
156            android:enabled="true"
156-->[com.google.android.gms:play-services-measurement:18.0.2] AndroidManifest.xml:41:13-35
157            android:exported="false"
157-->[com.google.android.gms:play-services-measurement:18.0.2] AndroidManifest.xml:42:13-37
158            android:permission="android.permission.BIND_JOB_SERVICE" />
158-->[com.google.android.gms:play-services-measurement:18.0.2] AndroidManifest.xml:43:13-69
159
160        <meta-data
160-->[com.google.android.gms:play-services-basement:17.1.1] AndroidManifest.xml:23:9-25:69
161            android:name="com.google.android.gms.version"
161-->[com.google.android.gms:play-services-basement:17.1.1] AndroidManifest.xml:24:13-58
162            android:value="@integer/google_play_services_version" />
162-->[com.google.android.gms:play-services-basement:17.1.1] AndroidManifest.xml:25:13-66
163
164        <service
164-->[com.google.android.datatransport:transport-backend-cct:2.3.3] AndroidManifest.xml:29:9-35:19
165            android:name="com.google.android.datatransport.runtime.backends.TransportBackendDiscovery"
165-->[com.google.android.datatransport:transport-backend-cct:2.3.3] AndroidManifest.xml:30:13-103
166            android:exported="false" >
166-->[com.google.android.datatransport:transport-backend-cct:2.3.3] AndroidManifest.xml:31:13-37
167            <meta-data
167-->[com.google.android.datatransport:transport-backend-cct:2.3.3] AndroidManifest.xml:32:13-34:39
168                android:name="backend:com.google.android.datatransport.cct.CctBackendFactory"
168-->[com.google.android.datatransport:transport-backend-cct:2.3.3] AndroidManifest.xml:33:17-94
169                android:value="cct" />
169-->[com.google.android.datatransport:transport-backend-cct:2.3.3] AndroidManifest.xml:34:17-36
170        </service>
171        <service
171-->[com.google.android.datatransport:transport-runtime:2.2.6] AndroidManifest.xml:26:9-30:19
172            android:name="com.google.android.datatransport.runtime.scheduling.jobscheduling.JobInfoSchedulerService"
172-->[com.google.android.datatransport:transport-runtime:2.2.6] AndroidManifest.xml:27:13-117
173            android:exported="false"
173-->[com.google.android.datatransport:transport-runtime:2.2.6] AndroidManifest.xml:28:13-37
174            android:permission="android.permission.BIND_JOB_SERVICE" >
174-->[com.google.android.datatransport:transport-runtime:2.2.6] AndroidManifest.xml:29:13-69
175        </service>
176
177        <receiver
177-->[com.google.android.datatransport:transport-runtime:2.2.6] AndroidManifest.xml:32:9-34:40
178            android:name="com.google.android.datatransport.runtime.scheduling.jobscheduling.AlarmManagerSchedulerBroadcastReceiver"
178-->[com.google.android.datatransport:transport-runtime:2.2.6] AndroidManifest.xml:33:13-132
179            android:exported="false" />
179-->[com.google.android.datatransport:transport-runtime:2.2.6] AndroidManifest.xml:34:13-37
180    </application>
181
182</manifest>